{"name": "Проверка увеличения счётчика \"Выполнено за сегодня\" при создании нового заказа", "status": "broken", "statusDetails": {"message": "selenium.common.exceptions.MoveTargetOutOfBoundsException: Message: Move target (1015, 694) is out of bounds of viewport dimensions (1352, 687)\nStacktrace:\nRemoteError@chrome://remote/content/shared/RemoteError.sys.mjs:8:8\nWebDriverError@chrome://remote/content/shared/webdriver/Errors.sys.mjs:197:5\nMoveTargetOutOfBoundsError@chrome://remote/content/shared/webdriver/Errors.sys.mjs:493:5\nassertTargetInViewPort@chrome://remote/content/shared/webdriver/Actions.sys.mjs:3097:11\n#assertInViewPort@chrome://remote/content/marionette/actors/MarionetteCommandsChild.sys.mjs:115:17\nreceiveMessage@chrome://remote/content/marionette/actors/MarionetteCommandsChild.sys.mjs:203:42", "trace": "self = <tests.test_order_feed_page.TestOrderFeedPage object at 0x1029d9580>\ndriver = <selenium.webdriver.firefox.webdriver.WebDriver (session=\"2456ffb8-e4f8-4518-a2f3-e02676ffb904\")>\ncreate_new_user_and_delete = ('test_user_93339@ya.ru', 'rorpfoy', 'Bearer eyJhbGciOiJIUzI1NiIsInR5cCI6IkpXVCJ9.eyJpZCI6IjY3YjI2YzljOWVkMjgwMDAxYjU3OTFjMiIsImlhdCI6MTczOTc0NjQ2MCwiZXhwIjoxNzM5NzQ3NjYwfQ.7XLyOSYCyNYYfPYKTl6Zm7Z2A-BuEWbbgb73ZP6MkGE')\n\n    @allure.title('Проверка увеличения счётчика \"Выполнено за сегодня\" при создании нового заказа')\n    def test_order_counts_today(self, driver, create_new_user_and_delete):\n        main_page = MainPage(driver)\n        main_page.click_login_button()\n        email, password, _ = create_new_user_and_delete\n        login_page = LoginPage(driver)\n        login_page.user_login(email, password)\n        account_page = AccountPage(driver)\n        account_page.close_modal_for_ff()\n        main_page.get_feed()\n        order_feed_page = OrderFeedPage(driver)\n>       before_order = order_feed_page.get_orders_count_today()\n\ntests/test_order_feed_page.py:54: \n_ _ _ _ _ _ _ _ _ _ _ _ _ _ _ _ _ _ _ _ _ _ _ _ _ _ _ _ _ _ _ _ _ _ _ _ _ _ _ _ _ _ _ _ _ _ _ _ _ _ _ _ _ _ _ _ _ _ _ _ _ _ _ _ _ _ _ _ _ _ _ _ _ _ _ _ _ _ \npages/order_feed_page.py:30: in get_orders_count_today\n    self.scroll_into_view(OrderFeedPageLocators.SEARCH_COUNTER_FOR_TODAY_IN_FEED)\npages/base_page.py:61: in scroll_into_view\n    actions.move_to_element(element).perform()\n.venv/lib/python3.12/site-packages/selenium/webdriver/common/action_chains.py:94: in perform\n    self.w3c_actions.perform()\n.venv/lib/python3.12/site-packages/selenium/webdriver/common/actions/action_builder.py:170: in perform\n    self.driver.execute(Command.W3C_ACTIONS, enc)\n.venv/lib/python3.12/site-packages/selenium/webdriver/remote/webdriver.py:429: in execute\n    self.error_handler.check_response(response)\n_ _ _ _ _ _ _ _ _ _ _ _ _ _ _ _ _ _ _ _ _ _ _ _ _ _ _ _ _ _ _ _ _ _ _ _ _ _ _ _ _ _ _ _ _ _ _ _ _ _ _ _ _ _ _ _ _ _ _ _ _ _ _ _ _ _ _ _ _ _ _ _ _ _ _ _ _ _ \n\nself = <selenium.webdriver.remote.errorhandler.ErrorHandler object at 0x1024aab10>\nresponse = {'status': 500, 'value': '{\"value\":{\"error\":\"move target out of bounds\",\"message\":\"Move target (1015, 694) is out of b...ys.mjs:115:17\\\\nreceiveMessage@chrome://remote/content/marionette/actors/MarionetteCommandsChild.sys.mjs:203:42\\\\n\"}}'}\n\n    def check_response(self, response: Dict[str, Any]) -> None:\n        \"\"\"Checks that a JSON response from the WebDriver does not have an\n        error.\n    \n        :Args:\n         - response - The JSON response from the WebDriver server as a dictionary\n           object.\n    \n        :Raises: If the response contains an error message.\n        \"\"\"\n        status = response.get(\"status\", None)\n        if not status or status == ErrorCode.SUCCESS:\n            return\n        value = None\n        message = response.get(\"message\", \"\")\n        screen: str = response.get(\"screen\", \"\")\n        stacktrace = None\n        if isinstance(status, int):\n            value_json = response.get(\"value\", None)\n            if value_json and isinstance(value_json, str):\n                import json\n    \n                try:\n                    value = json.loads(value_json)\n                    if len(value) == 1:\n                        value = value[\"value\"]\n                    status = value.get(\"error\", None)\n                    if not status:\n                        status = value.get(\"status\", ErrorCode.UNKNOWN_ERROR)\n                        message = value.get(\"value\") or value.get(\"message\")\n                        if not isinstance(message, str):\n                            value = message\n                            message = message.get(\"message\")\n                    else:\n                        message = value.get(\"message\", None)\n                except ValueError:\n                    pass\n    \n        exception_class: Type[WebDriverException]\n        e = ErrorCode()\n        error_codes = [item for item in dir(e) if not item.startswith(\"__\")]\n        for error_code in error_codes:\n            error_info = getattr(ErrorCode, error_code)\n            if isinstance(error_info, list) and status in error_info:\n                exception_class = getattr(ExceptionMapping, error_code, WebDriverException)\n                break\n        else:\n            exception_class = WebDriverException\n    \n        if not value:\n            value = response[\"value\"]\n        if isinstance(value, str):\n            raise exception_class(value)\n        if message == \"\" and \"message\" in value:\n            message = value[\"message\"]\n    \n        screen = None  # type: ignore[assignment]\n        if \"screen\" in value:\n            screen = value[\"screen\"]\n    \n        stacktrace = None\n        st_value = value.get(\"stackTrace\") or value.get(\"stacktrace\")\n        if st_value:\n            if isinstance(st_value, str):\n                stacktrace = st_value.split(\"\\n\")\n            else:\n                stacktrace = []\n                try:\n                    for frame in st_value:\n                        line = frame.get(\"lineNumber\", \"\")\n                        file = frame.get(\"fileName\", \"<anonymous>\")\n                        if line:\n                            file = f\"{file}:{line}\"\n                        meth = frame.get(\"methodName\", \"<anonymous>\")\n                        if \"className\" in frame:\n                            meth = f\"{frame['className']}.{meth}\"\n                        msg = \"    at %s (%s)\"\n                        msg = msg % (meth, file)\n                        stacktrace.append(msg)\n                except TypeError:\n                    pass\n        if exception_class == UnexpectedAlertPresentException:\n            alert_text = None\n            if \"data\" in value:\n                alert_text = value[\"data\"].get(\"text\")\n            elif \"alert\" in value:\n                alert_text = value[\"alert\"].get(\"text\")\n            raise exception_class(message, screen, stacktrace, alert_text)  # type: ignore[call-arg]  # mypy is not smart enough here\n>       raise exception_class(message, screen, stacktrace)\nE       selenium.common.exceptions.MoveTargetOutOfBoundsException: Message: Move target (1015, 694) is out of bounds of viewport dimensions (1352, 687)\nE       Stacktrace:\nE       RemoteError@chrome://remote/content/shared/RemoteError.sys.mjs:8:8\nE       WebDriverError@chrome://remote/content/shared/webdriver/Errors.sys.mjs:197:5\nE       MoveTargetOutOfBoundsError@chrome://remote/content/shared/webdriver/Errors.sys.mjs:493:5\nE       assertTargetInViewPort@chrome://remote/content/shared/webdriver/Actions.sys.mjs:3097:11\nE       #assertInViewPort@chrome://remote/content/marionette/actors/MarionetteCommandsChild.sys.mjs:115:17\nE       receiveMessage@chrome://remote/content/marionette/actors/MarionetteCommandsChild.sys.mjs:203:42\n\n.venv/lib/python3.12/site-packages/selenium/webdriver/remote/errorhandler.py:232: MoveTargetOutOfBoundsException"}, "steps": [{"name": "Инициализация веб-драйвера", "status": "passed", "parameters": [{"name": "driver", "value": "<selenium.webdriver.firefox.webdriver.WebDriver (session=\"2456ffb8-e4f8-4518-a2f3-e02676ffb904\")>"}], "start": 1739746460134, "stop": 1739746460134}, {"name": "Кликнуть по кнопке авторизации на сайте на главной странице", "status": "passed", "steps": [{"name": "Кликабельность элемента", "status": "passed", "steps": [{"name": "Поиск элемента", "status": "passed", "parameters": [{"name": "locator", "value": "('xpath', '//section[2]//button[contains(text(), \"Войти в аккаунт\")]')"}], "start": 1739746460159, "stop": 1739746460165}], "parameters": [{"name": "locator", "value": "('xpath', '//section[2]//button[contains(text(), \"Войти в аккаунт\")]')"}], "start": 1739746460134, "stop": 1739746460165}, {"name": "Клик по элементу", "status": "passed", "steps": [{"name": "Поиск элемента", "status": "passed", "parameters": [{"name": "locator", "value": "('xpath', '//section[2]//button[contains(text(), \"Войти в аккаунт\")]')"}], "start": 1739746460172, "stop": 1739746460177}], "parameters": [{"name": "locator", "value": "('xpath', '//section[2]//button[contains(text(), \"Войти в аккаунт\")]')"}], "start": 1739746460165, "stop": 1739746460426}], "start": 1739746460134, "stop": 1739746460426}, {"name": "Инициализация веб-драйвера", "status": "passed", "parameters": [{"name": "driver", "value": "<selenium.webdriver.firefox.webdriver.WebDriver (session=\"2456ffb8-e4f8-4518-a2f3-e02676ffb904\")>"}], "start": 1739746460426, "stop": 1739746460426}, {"name": "Авторизоваться на сайте", "status": "passed", "steps": [{"name": "Ввести email пользователя", "status": "passed", "steps": [{"name": "Добавление текста в элемент", "status": "passed", "steps": [{"name": "Поиск элемента", "status": "passed", "parameters": [{"name": "locator", "value": "('xpath', '//div[contains(@class, \"Auth_login\")]//div[contains(@class, \"input__container\")]//input[@type=\"text\" and @name=\"name\"]')"}], "start": 1739746460426, "stop": 1739746460437}], "parameters": [{"name": "locator", "value": "('xpath', '//div[contains(@class, \"Auth_login\")]//div[contains(@class, \"input__container\")]//input[@type=\"text\" and @name=\"name\"]')"}, {"name": "text", "value": "'test_user_93339@ya.ru'"}], "start": 1739746460426, "stop": 1739746460470}], "parameters": [{"name": "email", "value": "'test_user_93339@ya.ru'"}], "start": 1739746460426, "stop": 1739746460470}, {"name": "Ввести пароль пользователя", "status": "passed", "steps": [{"name": "Добавление текста в элемент", "status": "passed", "steps": [{"name": "Поиск элемента", "status": "passed", "parameters": [{"name": "locator", "value": "('xpath', '//div[contains(@class, \"Auth_login\")]//div[contains(@class, \"input__container\")]//input[@type=\"password\" and @name=\"Пароль\"]')"}], "start": 1739746460470, "stop": 1739746460477}], "parameters": [{"name": "locator", "value": "('xpath', '//div[contains(@class, \"Auth_login\")]//div[contains(@class, \"input__container\")]//input[@type=\"password\" and @name=\"Пароль\"]')"}, {"name": "text", "value": "'rorpfoy'"}], "start": 1739746460470, "stop": 1739746460483}], "parameters": [{"name": "password", "value": "'rorpfoy'"}], "start": 1739746460470, "stop": 1739746460483}, {"name": "Кликнуть по кнопке входа на сайт", "status": "passed", "steps": [{"name": "Кликабельность элемента", "status": "passed", "steps": [{"name": "Поиск элемента", "status": "passed", "parameters": [{"name": "locator", "value": "('xpath', '//form[contains(@class, \"Auth_form\")]//button[text()=\"Войти\"]')"}], "start": 1739746460489, "stop": 1739746460492}], "parameters": [{"name": "locator", "value": "('xpath', '//form[contains(@class, \"Auth_form\")]//button[text()=\"Войти\"]')"}], "start": 1739746460483, "stop": 1739746460492}, {"name": "Клик по элементу", "status": "passed", "steps": [{"name": "Поиск элемента", "status": "passed", "parameters": [{"name": "locator", "value": "('xpath', '//form[contains(@class, \"Auth_form\")]//button[text()=\"Войти\"]')"}], "start": 1739746460497, "stop": 1739746460501}], "parameters": [{"name": "locator", "value": "('xpath', '//form[contains(@class, \"Auth_form\")]//button[text()=\"Войти\"]')"}], "start": 1739746460492, "stop": 1739746460736}], "start": 1739746460483, "stop": 1739746460736}], "parameters": [{"name": "email", "value": "'test_user_93339@ya.ru'"}, {"name": "password", "value": "'rorpfoy'"}], "start": 1739746460426, "stop": 1739746460736}, {"name": "Инициализация веб-драйвера", "status": "passed", "parameters": [{"name": "driver", "value": "<selenium.webdriver.firefox.webdriver.WebDriver (session=\"2456ffb8-e4f8-4518-a2f3-e02676ffb904\")>"}], "start": 1739746460736, "stop": 1739746460736}, {"name": "Закрыть скрытое модальное окно в firefox", "status": "passed", "steps": [{"name": "Закрыть скрытое модальное окно", "status": "passed", "steps": [{"name": "Поиск элемента", "status": "broken", "statusDetails": {"message": "selenium.common.exceptions.TimeoutException: Message: \n\n", "trace": "  File \"/Users/alinakuptsova/PycharmProjects/Diplom/Diplom_3/.venv/lib/python3.12/site-packages/allure_commons/_allure.py\", line 192, in impl\n    return func(*a, **kw)\n           ^^^^^^^^^^^^^^\n  File \"/Users/alinakuptsova/PycharmProjects/Diplom/Diplom_3/pages/base_page.py\", line 18, in find_element_with_wait\n    WebDriverWait(self.driver, 7).until(expected_conditions.visibility_of_element_located(locator))\n  File \"/Users/alinakuptsova/PycharmProjects/Diplom/Diplom_3/.venv/lib/python3.12/site-packages/selenium/webdriver/support/wait.py\", line 146, in until\n    raise TimeoutException(message, screen, stacktrace)\n"}, "parameters": [{"name": "locator", "value": "('css selector', \"[class*='Modal_modal_overlay__']\")"}], "start": 1739746460736, "stop": 1739746467922}], "start": 1739746460736, "stop": 1739746467923}], "start": 1739746460736, "stop": 1739746467923}, {"name": "Перейти на страницу ленты заказов", "status": "passed", "steps": [{"name": "Кликабельность элемента", "status": "passed", "steps": [{"name": "Поиск элемента", "status": "passed", "parameters": [{"name": "locator", "value": "('xpath', '//a[contains(@class, \"AppHeader_header__link\") and @href=\"/feed\" and .//p[contains(text(), \"Лента Заказов\")]]')"}], "start": 1739746467949, "stop": 1739746467954}], "parameters": [{"name": "locator", "value": "('xpath', '//a[contains(@class, \"AppHeader_header__link\") and @href=\"/feed\" and .//p[contains(text(), \"Лента Заказов\")]]')"}], "start": 1739746467923, "stop": 1739746467954}, {"name": "Клик по элементу", "status": "passed", "steps": [{"name": "Поиск элемента", "status": "passed", "parameters": [{"name": "locator", "value": "('xpath', '//a[contains(@class, \"AppHeader_header__link\") and @href=\"/feed\" and .//p[contains(text(), \"Лента Заказов\")]]')"}], "start": 1739746467958, "stop": 1739746467963}], "parameters": [{"name": "locator", "value": "('xpath', '//a[contains(@class, \"AppHeader_header__link\") and @href=\"/feed\" and .//p[contains(text(), \"Лента Заказов\")]]')"}], "start": 1739746467954, "stop": 1739746468180}], "start": 1739746467923, "stop": 1739746468180}, {"name": "Инициализация веб-драйвера", "status": "passed", "parameters": [{"name": "driver", "value": "<selenium.webdriver.firefox.webdriver.WebDriver (session=\"2456ffb8-e4f8-4518-a2f3-e02676ffb904\")>"}], "start": 1739746468181, "stop": 1739746468181}, {"name": "Получить количество заказов за сегодня", "status": "broken", "statusDetails": {"message": "selenium.common.exceptions.MoveTargetOutOfBoundsException: Message: Move target (1015, 694) is out of bounds of viewport dimensions (1352, 687)\nStacktrace:\nRemoteError@chrome://remote/content/shared/RemoteError.sys.mjs:8:8\nWebDriverError@chrome://remote/content/shared/webdriver/Errors.sys.mjs:197:5\nMoveTargetOutOfBoundsError@chrome://remote/content/shared/webdriver/Errors.sys.mjs:493:5\nassertTargetInViewPort@chrome://remote/content/shared/webdriver/Actions.sys.mjs:3097:11\n#assertInViewPort@chrome://remote/content/marionette/actors/MarionetteCommandsChild.sys.mjs:115:17\nreceiveMessage@chrome://remote/content/marionette/actors/MarionetteCommandsChild.sys.mjs:203:42\n\n", "trace": "  File \"/Users/alinakuptsova/PycharmProjects/Diplom/Diplom_3/.venv/lib/python3.12/site-packages/allure_commons/_allure.py\", line 192, in impl\n    return func(*a, **kw)\n           ^^^^^^^^^^^^^^\n  File \"/Users/alinakuptsova/PycharmProjects/Diplom/Diplom_3/pages/order_feed_page.py\", line 30, in get_orders_count_today\n    self.scroll_into_view(OrderFeedPageLocators.SEARCH_COUNTER_FOR_TODAY_IN_FEED)\n  File \"/Users/alinakuptsova/PycharmProjects/Diplom/Diplom_3/.venv/lib/python3.12/site-packages/allure_commons/_allure.py\", line 192, in impl\n    return func(*a, **kw)\n           ^^^^^^^^^^^^^^\n  File \"/Users/alinakuptsova/PycharmProjects/Diplom/Diplom_3/pages/base_page.py\", line 61, in scroll_into_view\n    actions.move_to_element(element).perform()\n  File \"/Users/alinakuptsova/PycharmProjects/Diplom/Diplom_3/.venv/lib/python3.12/site-packages/selenium/webdriver/common/action_chains.py\", line 94, in perform\n    self.w3c_actions.perform()\n  File \"/Users/alinakuptsova/PycharmProjects/Diplom/Diplom_3/.venv/lib/python3.12/site-packages/selenium/webdriver/common/actions/action_builder.py\", line 170, in perform\n    self.driver.execute(Command.W3C_ACTIONS, enc)\n  File \"/Users/alinakuptsova/PycharmProjects/Diplom/Diplom_3/.venv/lib/python3.12/site-packages/selenium/webdriver/remote/webdriver.py\", line 429, in execute\n    self.error_handler.check_response(response)\n  File \"/Users/alinakuptsova/PycharmProjects/Diplom/Diplom_3/.venv/lib/python3.12/site-packages/selenium/webdriver/remote/errorhandler.py\", line 232, in check_response\n    raise exception_class(message, screen, stacktrace)\n"}, "steps": [{"name": "Скролл до нужного элемента", "status": "broken", "statusDetails": {"message": "selenium.common.exceptions.MoveTargetOutOfBoundsException: Message: Move target (1015, 694) is out of bounds of viewport dimensions (1352, 687)\nStacktrace:\nRemoteError@chrome://remote/content/shared/RemoteError.sys.mjs:8:8\nWebDriverError@chrome://remote/content/shared/webdriver/Errors.sys.mjs:197:5\nMoveTargetOutOfBoundsError@chrome://remote/content/shared/webdriver/Errors.sys.mjs:493:5\nassertTargetInViewPort@chrome://remote/content/shared/webdriver/Actions.sys.mjs:3097:11\n#assertInViewPort@chrome://remote/content/marionette/actors/MarionetteCommandsChild.sys.mjs:115:17\nreceiveMessage@chrome://remote/content/marionette/actors/MarionetteCommandsChild.sys.mjs:203:42\n\n", "trace": "  File \"/Users/alinakuptsova/PycharmProjects/Diplom/Diplom_3/.venv/lib/python3.12/site-packages/allure_commons/_allure.py\", line 192, in impl\n    return func(*a, **kw)\n           ^^^^^^^^^^^^^^\n  File \"/Users/alinakuptsova/PycharmProjects/Diplom/Diplom_3/pages/base_page.py\", line 61, in scroll_into_view\n    actions.move_to_element(element).perform()\n  File \"/Users/alinakuptsova/PycharmProjects/Diplom/Diplom_3/.venv/lib/python3.12/site-packages/selenium/webdriver/common/action_chains.py\", line 94, in perform\n    self.w3c_actions.perform()\n  File \"/Users/alinakuptsova/PycharmProjects/Diplom/Diplom_3/.venv/lib/python3.12/site-packages/selenium/webdriver/common/actions/action_builder.py\", line 170, in perform\n    self.driver.execute(Command.W3C_ACTIONS, enc)\n  File \"/Users/alinakuptsova/PycharmProjects/Diplom/Diplom_3/.venv/lib/python3.12/site-packages/selenium/webdriver/remote/webdriver.py\", line 429, in execute\n    self.error_handler.check_response(response)\n  File \"/Users/alinakuptsova/PycharmProjects/Diplom/Diplom_3/.venv/lib/python3.12/site-packages/selenium/webdriver/remote/errorhandler.py\", line 232, in check_response\n    raise exception_class(message, screen, stacktrace)\n"}, "steps": [{"name": "Поиск элемента", "status": "passed", "parameters": [{"name": "locator", "value": "('xpath', '//div[p[contains(@class, \"text_type_main-medium\") and text()=\"Выполнено за сегодня:\"]]/p[contains(@class, \"OrderFeed_number\")]')"}], "start": 1739746468181, "stop": 1739746468699}], "parameters": [{"name": "locator", "value": "('xpath', '//div[p[contains(@class, \"text_type_main-medium\") and text()=\"Выполнено за сегодня:\"]]/p[contains(@class, \"OrderFeed_number\")]')"}], "start": 1739746468181, "stop": 1739746468709}], "start": 1739746468181, "stop": 1739746468713}], "attachments": [{"name": "stdout", "source": "296483f8-d1c8-41da-b447-e36fd96ebb73-attachment.txt", "type": "text/plain"}], "parameters": [{"name": "driver", "value": "'firefox'"}], "start": 1739746460134, "stop": 1739746468715, "uuid": "74ea5bfd-8247-4234-8229-aaf19be11aca", "historyId": "5156977096ecf3df35ea38a368799cd1", "testCaseId": "b0a391f8d52d4448ebf88355914b0088", "fullName": "tests.test_order_feed_page.TestOrderFeedPage#test_order_counts_today", "labels": [{"name": "parentSuite", "value": "tests"}, {"name": "suite", "value": "test_order_feed_page"}, {"name": "subSuite", "value": "TestOrderFeedPage"}, {"name": "host", "value": "MacBook-Pro-Alina.local"}, {"name": "thread", "value": "35612-MainThread"}, {"name": "framework", "value": "pytest"}, {"name": "language", "value": "cpython3"}, {"name": "package", "value": "tests.test_order_feed_page"}]}